source/app/build/outputs/mapping/release/mapping.txt
# compiler: R8
# compiler_version: 8.0.35
# min_api: 21
# common_typos_disable
# {"id":"com.android.tools.r8.mapping","version":"2.1"}
# pg_map_id: e0de4f6
# pg_map_hash: SHA-256 e0de4f61ba21fb67bfe46543752581658a59656ccc6c61606aec3c07697bb526
uz.ruzzifer.onlinetaxi.twa.LauncherActivity -> uz.ruzzifer.onlinetaxi.twa.LauncherActivity:
    0:65535:android.net.Uri getLaunchingUrl():0:0 -> h
...
android.support.customtabs.trusted.ITrustedWebActivityCallback$Stub$Proxy -> b.a$a$a:
    android.os.IBinder mRemote -> a
    0:65535:void <init>(android.os.IBinder):0:0 -> <init>
    0:65535:android.os.IBinder asBinder():0:0 -> asBinder
android.support.customtabs.trusted.ITrustedWebActivityService -> b.b:
    android.os.Bundle areNotificationsEnabled(android.os.Bundle) -> a
    android.os.Bundle getActiveNotifications() -> e
    int getSmallIconId() -> i
    void cancelNotification(android.os.Bundle) -> j
    android.os.Bundle extraCommand(java.lang.String,android.os.Bundle,android.os.IBinder) -> k
    android.os.Bundle notifyNotificationWithChannel(android.os.Bundle) -> o
    android.os.Bundle getSmallIconBitmap() -> p
android.support.customtabs.trusted.ITrustedWebActivityService$Stub -> b.b$a:
    0:65535:void <init>():0:0 -> <init>
    0:65535:android.os.IBinder asBinder():0:0 -> asBinder
    0:65535:boolean onTransact(int,android.os.Parcel,android.os.Parcel,int):0:0 -> onTransact
androidx.browser.R$dimen -> c.a:
    int browser_actions_context_menu_min_padding -> b
    int browser_actions_context_menu_max_width -> a
androidx.browser.browseractions.BrowserActionsFallbackMenuView -> androidx.browser.browseractions.BrowserActionsFallbackMenuView:
    int mBrowserActionsMenuMaxWidthPx -> b
    int mBrowserActionsMenuMinPaddingPx -> a
androidx.browser.customtabs.CustomTabColorSchemeParams -> d.a:
    java.lang.Integer navigationBarColor -> c
    java.lang.Integer navigationBarDividerColor -> d
    java.lang.Integer toolbarColor -> a
    java.lang.Integer secondaryToolbarColor -> b
    0:65535:void <init>(java.lang.Integer,java.lang.Integer,java.lang.Integer,java.lang.Integer):0:0 -> <init>
    0:65535:androidx.browser.customtabs.CustomTabColorSchemeParams fromBundle(android.os.Bundle):0:0 -> a
    0:65535:android.os.Bundle toBundle():0:0 -> b
    0:65535:androidx.browser.customtabs.CustomTabColorSchemeParams withDefaults(androidx.browser.customtabs.CustomTabColorSchemeParams):0:0 -> c
androidx.browser.customtabs.CustomTabColorSchemeParams$Builder -> d.a$a:
    java.lang.Integer mNavigationBarColor -> c
    java.lang.Integer mNavigationBarDividerColor -> d
    java.lang.Integer mToolbarColor -> a
    java.lang.Integer mSecondaryToolbarColor -> b
    0:65535:androidx.browser.customtabs.CustomTabColorSchemeParams build():0:0 -> a
    0:65535:androidx.browser.customtabs.CustomTabColorSchemeParams$Builder setNavigationBarColor(int):0:0 -> b
    0:65535:androidx.browser.customtabs.CustomTabColorSchemeParams$Builder setNavigationBarDividerColor(int):0:0 -> c
    0:65535:androidx.browser.customtabs.CustomTabColorSchemeParams$Builder setToolbarColor(int):0:0 -> d
androidx.browser.customtabs.CustomTabsCallback -> d.b:
    0:65535:void extraCallback(java.lang.String,android.os.Bundle):0:0 -> a
    0:65535:android.os.Bundle extraCallbackWithResult(java.lang.String,android.os.Bundle):0:0 -> b
    0:65535:void onMessageChannelReady(android.os.Bundle):0:0 -> c
    0:65535:void onNavigationEvent(int,android.os.Bundle):0:0 -> d
    0:65535:void onPostMessage(java.lang.String,android.os.Bundle):0:0 -> e
    0:65535:void onRelationshipValidationResult(int,android.net.Uri,boolean,android.os.Bundle):0:0 -> f